Step 1: Creating tables...
Tables OK

Step 2: Creating user...

ERROR at step: OperationalError: (sqlite3.OperationalError) table users has no column named is_verified
[SQL: INSERT INTO users (id, email, password_hash, full_name, phone, role, phone_verified, region, hospital_id, medical_license_number, verification_status, mfa_enabled, mfa_secret, failed_login_attempts, lockout_until, password_changed_at, email_verified, email_verification_token, email_verification_expires, password_reset_token, password_reset_expires, last_login, is_active, is_verified) VALUES (?, ?, ?, ?, ?, ?, ?, ?, ?, ?, ?, ?, ?, ?, ?, ?, ?, ?, ?, ?, ?, ?, ?, ?) RETURNING created_at, updated_at]
[parameters: ('3fb6ba0502b8498da48db3422b60a8e9', 'diag05ea@test.com', '$2b$12$iHkiM1wzwjzTb1HbYsc2Le5r1nPwY5I3MR4Yl1Z3XdVDKozpv1hYK', 'Diag', '+910000000000', 'user', 0, None, None, None, 'pending', 0, None, 0, None, None, 0, None, None, None, None, None, 1, 0)]
(Background on this error at: https://sqlalche.me/e/20/e3q8)
Traceback (most recent call last):
  File "C:\Users\digital metro\AppData\Roaming\Python\Python312\site-packages\sqlalchemy\engine\base.py", line 1967, in _exec_single_context
    self.dialect.do_execute(
  File "C:\Users\digital metro\AppData\Roaming\Python\Python312\site-packages\sqlalchemy\engine\default.py", line 952, in do_execute
    cursor.execute(statement, parameters)
  File "C:\Users\digital metro\AppData\Roaming\Python\Python312\site-packages\sqlalchemy\dialects\sqlite\aiosqlite.py", line 180, in execute
    self._adapt_connection._handle_exception(error)
  File "C:\Users\digital metro\AppData\Roaming\Python\Python312\site-packages\sqlalchemy\dialects\sqlite\aiosqlite.py", line 340, in _handle_exception
    raise error
  File "C:\Users\digital metro\AppData\Roaming\Python\Python312\site-packages\sqlalchemy\dialects\sqlite\aiosqlite.py", line 162, in execute
    self.await_(_cursor.execute(operation, parameters))
  File "C:\Users\digital metro\AppData\Roaming\Python\Python312\site-packages\sqlalchemy\util\_concurrency_py3k.py", line 132, in await_only
    return current.parent.switch(awaitable)  # type: ignore[no-any-return,attr-defined] # noqa: E501
           ^^^^^^^^^^^^^^^^^^^^^^^^^^^^^^^^
  File "C:\Users\digital metro\AppData\Roaming\Python\Python312\site-packages\sqlalchemy\util\_concurrency_py3k.py", line 196, in greenlet_spawn
    value = await result
            ^^^^^^^^^^^^
  File "C:\Users\digital metro\AppData\Roaming\Python\Python312\site-packages\aiosqlite\cursor.py", line 40, in execute
    await self._execute(self._cursor.execute, sql, parameters)
  File "C:\Users\digital metro\AppData\Roaming\Python\Python312\site-packages\aiosqlite\cursor.py", line 32, in _execute
    return await self._conn._execute(fn, *args, **kwargs)
           ^^^^^^^^^^^^^^^^^^^^^^^^^^^^^^^^^^^^^^^^^^^^^^
  File "C:\Users\digital metro\AppData\Roaming\Python\Python312\site-packages\aiosqlite\core.py", line 122, in _execute
    return await future
           ^^^^^^^^^^^^
  File "C:\Users\digital metro\AppData\Roaming\Python\Python312\site-packages\aiosqlite\core.py", line 105, in run
    result = function()
             ^^^^^^^^^^
sqlite3.OperationalError: table users has no column named is_verified

The above exception was the direct cause of the following exception:

Traceback (most recent call last):
  File "C:\Users\digital metro\Documents\sympto-pulse-map-main\backend-python\diag_direct.py", line 38, in main
    await db.flush()
  File "C:\Users\digital metro\AppData\Roaming\Python\Python312\site-packages\sqlalchemy\ext\asyncio\session.py", line 787, in flush
    await greenlet_spawn(self.sync_session.flush, objects=objects)
  File "C:\Users\digital metro\AppData\Roaming\Python\Python312\site-packages\sqlalchemy\util\_concurrency_py3k.py", line 203, in greenlet_spawn
    result = context.switch(value)
             ^^^^^^^^^^^^^^^^^^^^^
  File "C:\Users\digital metro\AppData\Roaming\Python\Python312\site-packages\sqlalchemy\orm\session.py", line 4331, in flush
    self._flush(objects)
  File "C:\Users\digital metro\AppData\Roaming\Python\Python312\site-packages\sqlalchemy\orm\session.py", line 4466, in _flush
    with util.safe_reraise():
         ^^^^^^^^^^^^^^^^^^^
  File "C:\Users\digital metro\AppData\Roaming\Python\Python312\site-packages\sqlalchemy\util\langhelpers.py", line 224, in __exit__
    raise exc_value.with_traceback(exc_tb)
  File "C:\Users\digital metro\AppData\Roaming\Python\Python312\site-packages\sqlalchemy\orm\session.py", line 4427, in _flush
    flush_context.execute()
  File "C:\Users\digital metro\AppData\Roaming\Python\Python312\site-packages\sqlalchemy\orm\unitofwork.py", line 466, in execute
    rec.execute(self)
  File "C:\Users\digital metro\AppData\Roaming\Python\Python312\site-packages\sqlalchemy\orm\unitofwork.py", line 642, in execute
    util.preloaded.orm_persistence.save_obj(
  File "C:\Users\digital metro\AppData\Roaming\Python\Python312\site-packages\sqlalchemy\orm\persistence.py", line 93, in save_obj
    _emit_insert_statements(
  File "C:\Users\digital metro\AppData\Roaming\Python\Python312\site-packages\sqlalchemy\orm\persistence.py", line 1233, in _emit_insert_statements
    result = connection.execute(
             ^^^^^^^^^^^^^^^^^^^
  File "C:\Users\digital metro\AppData\Roaming\Python\Python312\site-packages\sqlalchemy\engine\base.py", line 1419, in execute
    return meth(
           ^^^^^
  File "C:\Users\digital metro\AppData\Roaming\Python\Python312\site-packages\sqlalchemy\sql\elements.py", line 527, in _execute_on_connection
    return connection._execute_clauseelement(
           ^^^^^^^^^^^^^^^^^^^^^^^^^^^^^^^^^^
  File "C:\Users\digital metro\AppData\Roaming\Python\Python312\site-packages\sqlalchemy\engine\base.py", line 1641, in _execute_clauseelement
    ret = self._execute_context(
          ^^^^^^^^^^^^^^^^^^^^^^
  File "C:\Users\digital metro\AppData\Roaming\Python\Python312\site-packages\sqlalchemy\engine\base.py", line 1846, in _execute_context
    return self._exec_single_context(
           ^^^^^^^^^^^^^^^^^^^^^^^^^^
  File "C:\Users\digital metro\AppData\Roaming\Python\Python312\site-packages\sqlalchemy\engine\base.py", line 1986, in _exec_single_context
    self._handle_dbapi_exception(
  File "C:\Users\digital metro\AppData\Roaming\Python\Python312\site-packages\sqlalchemy\engine\base.py", line 2363, in _handle_dbapi_exception
    raise sqlalchemy_exception.with_traceback(exc_info[2]) from e
  File "C:\Users\digital metro\AppData\Roaming\Python\Python312\site-packages\sqlalchemy\engine\base.py", line 1967, in _exec_single_context
    self.dialect.do_execute(
  File "C:\Users\digital metro\AppData\Roaming\Python\Python312\site-packages\sqlalchemy\engine\default.py", line 952, in do_execute
    cursor.execute(statement, parameters)
  File "C:\Users\digital metro\AppData\Roaming\Python\Python312\site-packages\sqlalchemy\dialects\sqlite\aiosqlite.py", line 180, in execute
    self._adapt_connection._handle_exception(error)
  File "C:\Users\digital metro\AppData\Roaming\Python\Python312\site-packages\sqlalchemy\dialects\sqlite\aiosqlite.py", line 340, in _handle_exception
    raise error
  File "C:\Users\digital metro\AppData\Roaming\Python\Python312\site-packages\sqlalchemy\dialects\sqlite\aiosqlite.py", line 162, in execute
    self.await_(_cursor.execute(operation, parameters))
  File "C:\Users\digital metro\AppData\Roaming\Python\Python312\site-packages\sqlalchemy\util\_concurrency_py3k.py", line 132, in await_only
    return current.parent.switch(awaitable)  # type: ignore[no-any-return,attr-defined] # noqa: E501
           ^^^^^^^^^^^^^^^^^^^^^^^^^^^^^^^^
  File "C:\Users\digital metro\AppData\Roaming\Python\Python312\site-packages\sqlalchemy\util\_concurrency_py3k.py", line 196, in greenlet_spawn
    value = await result
            ^^^^^^^^^^^^
  File "C:\Users\digital metro\AppData\Roaming\Python\Python312\site-packages\aiosqlite\cursor.py", line 40, in execute
    await self._execute(self._cursor.execute, sql, parameters)
  File "C:\Users\digital metro\AppData\Roaming\Python\Python312\site-packages\aiosqlite\cursor.py", line 32, in _execute
    return await self._conn._execute(fn, *args, **kwargs)
           ^^^^^^^^^^^^^^^^^^^^^^^^^^^^^^^^^^^^^^^^^^^^^^
  File "C:\Users\digital metro\AppData\Roaming\Python\Python312\site-packages\aiosqlite\core.py", line 122, in _execute
    return await future
           ^^^^^^^^^^^^
  File "C:\Users\digital metro\AppData\Roaming\Python\Python312\site-packages\aiosqlite\core.py", line 105, in run
    result = function()
             ^^^^^^^^^^
sqlalchemy.exc.OperationalError: (sqlite3.OperationalError) table users has no column named is_verified
[SQL: INSERT INTO users (id, email, password_hash, full_name, phone, role, phone_verified, region, hospital_id, medical_license_number, verification_status, mfa_enabled, mfa_secret, failed_login_attempts, lockout_until, password_changed_at, email_verified, email_verification_token, email_verification_expires, password_reset_token, password_reset_expires, last_login, is_active, is_verified) VALUES (?, ?, ?, ?, ?, ?, ?, ?, ?, ?, ?, ?, ?, ?, ?, ?, ?, ?, ?, ?, ?, ?, ?, ?) RETURNING created_at, updated_at]
[parameters: ('3fb6ba0502b8498da48db3422b60a8e9', 'diag05ea@test.com', '$2b$12$iHkiM1wzwjzTb1HbYsc2Le5r1nPwY5I3MR4Yl1Z3XdVDKozpv1hYK', 'Diag', '+910000000000', 'user', 0, None, None, None, 'pending', 0, None, 0, None, None, 0, None, None, None, None, None, 1, 0)]
(Background on this error at: https://sqlalche.me/e/20/e3q8)
